<?xml version="1.0" encoding="UTF-8"?>
<testsuite name="tunes.Question6Tests" tests="3" skipped="0" failures="0" errors="0" timestamp="2024-03-12T16:42:58" hostname="VIVAAN" time="0.054">
  <properties/>
  <testcase name="testLargeCollection" classname="tunes.Question6Tests" time="0.048"/>
  <testcase name="testSmallCollection" classname="tunes.Question6Tests" time="0.006"/>
  <testcase name="testEmptySongCollection" classname="tunes.Question6Tests" time="0.0"/>
  <system-out><![CDATA[]]></system-out>
  <system-err><![CDATA[]]></system-err>
</testsuite>
